MonitorDistance=128.7cm
MonitorWidth=42.8cm
PixelWidth=1920.0
PixelHeight=1200.0
RefreshRate=60.0
FrameDuration=0.016666666666666666
9.5694 	INFO 	Loaded monitor calibration from ['2025_01_10 07:56']
9.5805 	WARNING 	User requested fullscreen with size [1920 1200], but screen is actually [1920, 1080]. Using actual size
10.1413 	EXP 	Created window1 = Window(allowGUI=False, allowStencil=True, autoLog=True, backendConf=UNKNOWN, backgroundFit=<method-wrapper '__getattribute__' of attributeSetter object at 0x000001A434478E80>, backgroundImage=<method-wrapper '__getattribute__' of attributeSetter object at 0x000001A434478E20>, bitsMode=UNKNOWN, blendMode='avg', bpc=(8, 8, 8), color=array([-0.5, -0.5, -0.5]), colorSpace='rgb', depthBits=8, fullscr=True, gamma=None, gammaErrorPolicy='raise', infoMsg=UNKNOWN, lms=UNKNOWN, monitor=<psychopy.monitors.calibTools.Monitor object at 0x000001A434A6A970>, multiSample=False, name='window1', numSamples=2, pos=(0, 0), screen=0, size=array([1920, 1080]), stencilBits=8, stereo=False, title='PsychoPy', units='deg', useFBO=False, useRetina=False, viewOri=0.0, viewPos=None, viewScale=None, waitBlanking=True, winType='pyglet')
10.1413 	EXP 	window1: backgroundImage = None
10.1414 	EXP 	window1: backgroundFit = 'cover'
10.3092 	EXP 	window1: Attempting to measure frame rate of screen (0) ...
10.3093 	EXP 	window1: recordFrameIntervals = False
10.4750 	EXP 	window1: recordFrameIntervals = True
10.6592 	EXP 	Screen (0) actual frame rate measured at 59.74Hz
10.6592 	EXP 	window1: recordFrameIntervals = False
0.0025 	EXP 	Created unnamed ImageStim = ImageStim(__class__=<class 'psychopy.visual.image.ImageStim'>, anchor=('center', 'center'), autoLog=True, color=array([1., 1., 1.]), colorSpace='rgb', contrast=1.0, depth=0, draggable=False, flipHoriz=False, flipVert=False, image=Image(...), interpolate=False, mask=None, maskParams=None, name='unnamed ImageStim', opacity=1, ori=0.0, pos=array([0., 0.]), size=array([10. ,  0.9]), texRes=128, units='deg', win=Window(...))
0.0034 	EXP 	Created unnamed ImageStim = ImageStim(__class__=<class 'psychopy.visual.image.ImageStim'>, anchor=('center', 'center'), autoLog=True, color=array([1., 1., 1.]), colorSpace='rgb', contrast=1.0, depth=0, draggable=False, flipHoriz=False, flipVert=False, image=Image(...), interpolate=False, mask=None, maskParams=None, name='unnamed ImageStim', opacity=1, ori=0.0, pos=array([0., 0.]), size=array([10. ,  0.9]), texRes=128, units='deg', win=Window(...))
0.0049 	EXP 	Created unnamed Aperture = Aperture(__class__=<class 'psychopy.visual.aperture.Aperture'>, anchor=('center', 'center'), autoLog=True, depth=0, inverted=False, nVert=UNKNOWN, name='unnamed Aperture', ori=0, pos=array([0., 0.]), shape=UNKNOWN, size=array([10., 10.]), units='deg', win=Window(...))
0.0502 	EXP 	Created unnamed TextStim = TextStim(__class__=<class 'psychopy.visual.text.TextStim'>, alignHoriz=method-wrapper(...), alignText='center', alignVert=method-wrapper(...), anchorHoriz='center', anchorVert='center', antialias=True, autoDraw=False, autoLog=True, bold=False, color=array([1., 1., 1.]), colorSpace='rgb', contrast=1.0, depth=0, draggable=False, flipHoriz=False, flipVert=False, font='', fontFiles=[], height=0.5, italic=False, languageStyle='LTR', name='unnamed TextStim', opacity=1.0, ori=0.0, pos=array([0. , 1.5]), rgb=UNKNOWN, text=str(...), units='deg', win=Window(...), wrapWidth=15.0)
0.0561 	EXP 	Created unnamed TextStim = TextStim(__class__=<class 'psychopy.visual.text.TextStim'>, alignHoriz=method-wrapper(...), alignText='center', alignVert=method-wrapper(...), anchorHoriz='center', anchorVert='center', antialias=True, autoDraw=False, autoLog=True, bold=False, color=array([1., 1., 1.]), colorSpace='rgb', contrast=1.0, depth=0, draggable=False, flipHoriz=False, flipVert=False, font='', fontFiles=[], height=0.5, italic=False, languageStyle='LTR', name='unnamed TextStim', opacity=1.0, ori=0.0, pos=array([0. , 1.5]), rgb=UNKNOWN, text=str(...), units='deg', win=Window(...), wrapWidth=15.0)
0.0607 	EXP 	Created unnamed TextStim = TextStim(__class__=<class 'psychopy.visual.text.TextStim'>, alignHoriz=method-wrapper(...), alignText='center', alignVert=method-wrapper(...), anchorHoriz='center', anchorVert='center', antialias=True, autoDraw=False, autoLog=True, bold=False, color=array([1., 1., 1.]), colorSpace='rgb', contrast=1.0, depth=0, draggable=False, flipHoriz=False, flipVert=False, font='', fontFiles=[], height=0.5, italic=False, languageStyle='LTR', name='unnamed TextStim', opacity=1.0, ori=0.0, pos=array([0., 0.]), rgb=UNKNOWN, text='Please rest until further instructions', units='deg', win=Window(...), wrapWidth=15.0)
0.3071 	EXP 	window1: units = 'pix'
0.3072 	INFO 	Mouse: using default window
0.4337 	INFO 	keyboard.Keyboard is using ptb backend.
1.7044 	DATA 	Keypress: return
2.6805 	DATA 	Keypress: return
5.3065 	DATA 	Keypress: c
47.4814 	EXP 	window1: units = 'deg'
47.4815 	EXP 	window1: units = 'pix'
58.8510 	EXP 	window1: units = 'deg'
58.8511 	EXP 	window1: units = 'pix'
64.3960 	EXP 	window1: units = 'deg'
64.3961 	EXP 	window1: units = 'pix'
64.3967 	DATA 	Keypress: escape
64.4766 	EXP 	unnamed Aperture: enabled = True
64.5114 	WARNING 	Stopping key buffers but this could be dangerous ifother keyboards rely on the same.
