MonitorDistance=128.7cm
MonitorWidth=42.8cm
PixelWidth=1920.0
PixelHeight=1200.0
RefreshRate=60.0
FrameDuration=0.016666666666666666
15.6160 	INFO 	Loaded monitor calibration from ['2025_01_10 07:56']
15.6202 	WARNING 	User requested fullscreen with size [1920 1200], but screen is actually [1920, 1080]. Using actual size
16.3512 	EXP 	Created window1 = Window(allowGUI=False, allowStencil=True, autoLog=True, backendConf=UNKNOWN, backgroundFit=<method-wrapper '__getattribute__' of attributeSetter object at 0x000001D6C7C37EB0>, backgroundImage=<method-wrapper '__getattribute__' of attributeSetter object at 0x000001D6C7C37E50>, bitsMode=UNKNOWN, blendMode='avg', bpc=(8, 8, 8), color=array([-0.5, -0.5, -0.5]), colorSpace='rgb', depthBits=8, fullscr=True, gamma=None, gammaErrorPolicy='raise', infoMsg=UNKNOWN, lms=UNKNOWN, monitor=<psychopy.monitors.calibTools.Monitor object at 0x000001D6CA4EA9A0>, multiSample=False, name='window1', numSamples=2, pos=(0, 0), screen=0, size=array([1920, 1080]), stencilBits=8, stereo=False, title='PsychoPy', units='deg', useFBO=False, useRetina=False, viewOri=0.0, viewPos=None, viewScale=None, waitBlanking=True, winType='pyglet')
16.3512 	EXP 	window1: backgroundImage = None
16.3512 	EXP 	window1: backgroundFit = 'cover'
16.5164 	EXP 	window1: Attempting to measure frame rate of screen (0) ...
16.5165 	EXP 	window1: recordFrameIntervals = False
16.6824 	EXP 	window1: recordFrameIntervals = True
17.6497 	EXP 	Screen (0) actual frame rate measured at 60.28Hz
17.6497 	EXP 	window1: recordFrameIntervals = False
0.0025 	EXP 	Created unnamed ImageStim = ImageStim(__class__=<class 'psychopy.visual.image.ImageStim'>, anchor=('center', 'center'), autoLog=True, color=array([1., 1., 1.]), colorSpace='rgb', contrast=1.0, depth=0, draggable=False, flipHoriz=False, flipVert=False, image=Image(...), interpolate=False, mask=None, maskParams=None, name='unnamed ImageStim', opacity=1, ori=0.0, pos=array([0., 0.]), size=array([10. ,  0.9]), texRes=128, units='deg', win=Window(...))
0.0041 	EXP 	Created unnamed ImageStim = ImageStim(__class__=<class 'psychopy.visual.image.ImageStim'>, anchor=('center', 'center'), autoLog=True, color=array([1., 1., 1.]), colorSpace='rgb', contrast=1.0, depth=0, draggable=False, flipHoriz=False, flipVert=False, image=Image(...), interpolate=False, mask=None, maskParams=None, name='unnamed ImageStim', opacity=1, ori=0.0, pos=array([0., 0.]), size=array([10. ,  0.9]), texRes=128, units='deg', win=Window(...))
0.0055 	EXP 	Created unnamed Aperture = Aperture(__class__=<class 'psychopy.visual.aperture.Aperture'>, anchor=('center', 'center'), autoLog=True, depth=0, inverted=False, nVert=UNKNOWN, name='unnamed Aperture', ori=0, pos=array([0., 0.]), shape=UNKNOWN, size=array([10., 10.]), units='deg', win=Window(...))
0.0490 	EXP 	Created unnamed TextStim = TextStim(__class__=<class 'psychopy.visual.text.TextStim'>, alignHoriz=method-wrapper(...), alignText='center', alignVert=method-wrapper(...), anchorHoriz='center', anchorVert='center', antialias=True, autoDraw=False, autoLog=True, bold=False, color=array([1., 1., 1.]), colorSpace='rgb', contrast=1.0, depth=0, draggable=False, flipHoriz=False, flipVert=False, font='', fontFiles=[], height=0.5, italic=False, languageStyle='LTR', name='unnamed TextStim', opacity=1.0, ori=0.0, pos=array([0. , 1.5]), rgb=UNKNOWN, text=str(...), units='deg', win=Window(...), wrapWidth=15.0)
0.1058 	EXP 	Created unnamed TextStim = TextStim(__class__=<class 'psychopy.visual.text.TextStim'>, alignHoriz=method-wrapper(...), alignText='center', alignVert=method-wrapper(...), anchorHoriz='center', anchorVert='center', antialias=True, autoDraw=False, autoLog=True, bold=False, color=array([1., 1., 1.]), colorSpace='rgb', contrast=1.0, depth=0, draggable=False, flipHoriz=False, flipVert=False, font='', fontFiles=[], height=0.5, italic=False, languageStyle='LTR', name='unnamed TextStim', opacity=1.0, ori=0.0, pos=array([0. , 1.5]), rgb=UNKNOWN, text=str(...), units='deg', win=Window(...), wrapWidth=15.0)
0.1108 	EXP 	Created unnamed TextStim = TextStim(__class__=<class 'psychopy.visual.text.TextStim'>, alignHoriz=method-wrapper(...), alignText='center', alignVert=method-wrapper(...), anchorHoriz='center', anchorVert='center', antialias=True, autoDraw=False, autoLog=True, bold=False, color=array([1., 1., 1.]), colorSpace='rgb', contrast=1.0, depth=0, draggable=False, flipHoriz=False, flipVert=False, font='', fontFiles=[], height=0.5, italic=False, languageStyle='LTR', name='unnamed TextStim', opacity=1.0, ori=0.0, pos=array([0., 0.]), rgb=UNKNOWN, text='Please rest until further instructions', units='deg', win=Window(...), wrapWidth=15.0)
0.4553 	EXP 	window1: units = 'pix'
0.4554 	INFO 	Mouse: using default window
0.5283 	INFO 	keyboard.Keyboard is using ptb backend.
5.5057 	DATA 	Keypress: return
7.5349 	DATA 	Keypress: return
9.3511 	DATA 	Keypress: o
9.3660 	EXP 	window1: units = 'deg'
9.3661 	EXP 	window1: units = 'pix'
9.4502 	EXP 	unnamed Aperture: enabled = True
12.4592 	DATA 	Keypress: escape
12.4945 	WARNING 	Stopping key buffers but this could be dangerous ifother keyboards rely on the same.
