MonitorDistance=128.7cm
MonitorWidth=42.8cm
PixelWidth=1920.0
PixelHeight=1080.0
RefreshRate=60.0
FrameDuration=0.016666666666666666
12.4336 	INFO 	Loaded monitor calibration from ['2025_01_10 07:56']
12.9914 	EXP 	Created window1 = Window(allowGUI=False, allowStencil=True, autoLog=True, backendConf=UNKNOWN, backgroundFit=<method-wrapper '__getattribute__' of attributeSetter object at 0x0000018DABAB7EB0>, backgroundImage=<method-wrapper '__getattribute__' of attributeSetter object at 0x0000018DABAB7E50>, bitsMode=UNKNOWN, blendMode='avg', bpc=(8, 8, 8), color=array([-0.5, -0.5, -0.5]), colorSpace='rgb', depthBits=8, fullscr=True, gamma=None, gammaErrorPolicy='raise', infoMsg=UNKNOWN, lms=UNKNOWN, monitor=<psychopy.monitors.calibTools.Monitor object at 0x0000018DABFE79A0>, multiSample=False, name='window1', numSamples=2, pos=(0, 0), screen=0, size=array([1920, 1080]), stencilBits=8, stereo=False, title='PsychoPy', units='deg', useFBO=False, useRetina=False, viewOri=0.0, viewPos=None, viewScale=None, waitBlanking=True, winType='pyglet')
12.9914 	EXP 	window1: backgroundImage = None
12.9914 	EXP 	window1: backgroundFit = 'cover'
13.1595 	EXP 	window1: Attempting to measure frame rate of screen (0) ...
13.1595 	EXP 	window1: recordFrameIntervals = False
13.3255 	EXP 	window1: recordFrameIntervals = True
13.5093 	EXP 	Screen (0) actual frame rate measured at 59.82Hz
13.5093 	EXP 	window1: recordFrameIntervals = False
0.0030 	EXP 	Created unnamed ImageStim = ImageStim(__class__=<class 'psychopy.visual.image.ImageStim'>, anchor=('center', 'center'), autoLog=True, color=array([1., 1., 1.]), colorSpace='rgb', contrast=1.0, depth=0, draggable=False, flipHoriz=False, flipVert=False, image=Image(...), interpolate=False, mask=None, maskParams=None, name='unnamed ImageStim', opacity=1, ori=0.0, pos=array([0., 0.]), size=array([10. ,  0.9]), texRes=128, units='deg', win=Window(...))
0.0043 	EXP 	Created unnamed ImageStim = ImageStim(__class__=<class 'psychopy.visual.image.ImageStim'>, anchor=('center', 'center'), autoLog=True, color=array([1., 1., 1.]), colorSpace='rgb', contrast=1.0, depth=0, draggable=False, flipHoriz=False, flipVert=False, image=Image(...), interpolate=False, mask=None, maskParams=None, name='unnamed ImageStim', opacity=1, ori=0.0, pos=array([0., 0.]), size=array([10. ,  0.9]), texRes=128, units='deg', win=Window(...))
0.0055 	EXP 	Created unnamed Aperture = Aperture(__class__=<class 'psychopy.visual.aperture.Aperture'>, anchor=('center', 'center'), autoLog=True, depth=0, inverted=False, nVert=UNKNOWN, name='unnamed Aperture', ori=0, pos=array([0., 0.]), shape=UNKNOWN, size=array([10., 10.]), units='deg', win=Window(...))
0.0501 	EXP 	Created unnamed TextStim = TextStim(__class__=<class 'psychopy.visual.text.TextStim'>, alignHoriz=method-wrapper(...), alignText='center', alignVert=method-wrapper(...), anchorHoriz='center', anchorVert='center', antialias=True, autoDraw=False, autoLog=True, bold=False, color=array([1., 1., 1.]), colorSpace='rgb', contrast=1.0, depth=0, draggable=False, flipHoriz=False, flipVert=False, font='', fontFiles=[], height=0.5, italic=False, languageStyle='LTR', name='unnamed TextStim', opacity=1.0, ori=0.0, pos=array([0. , 1.5]), rgb=UNKNOWN, text=str(...), units='deg', win=Window(...), wrapWidth=15.0)
0.0563 	EXP 	Created unnamed TextStim = TextStim(__class__=<class 'psychopy.visual.text.TextStim'>, alignHoriz=method-wrapper(...), alignText='center', alignVert=method-wrapper(...), anchorHoriz='center', anchorVert='center', antialias=True, autoDraw=False, autoLog=True, bold=False, color=array([1., 1., 1.]), colorSpace='rgb', contrast=1.0, depth=0, draggable=False, flipHoriz=False, flipVert=False, font='', fontFiles=[], height=0.5, italic=False, languageStyle='LTR', name='unnamed TextStim', opacity=1.0, ori=0.0, pos=array([0. , 1.5]), rgb=UNKNOWN, text=str(...), units='deg', win=Window(...), wrapWidth=15.0)
0.0611 	EXP 	Created unnamed TextStim = TextStim(__class__=<class 'psychopy.visual.text.TextStim'>, alignHoriz=method-wrapper(...), alignText='center', alignVert=method-wrapper(...), anchorHoriz='center', anchorVert='center', antialias=True, autoDraw=False, autoLog=True, bold=False, color=array([1., 1., 1.]), colorSpace='rgb', contrast=1.0, depth=0, draggable=False, flipHoriz=False, flipVert=False, font='', fontFiles=[], height=0.5, italic=False, languageStyle='LTR', name='unnamed TextStim', opacity=1.0, ori=0.0, pos=array([0., 0.]), rgb=UNKNOWN, text='Please rest until further instructions', units='deg', win=Window(...), wrapWidth=15.0)
0.5827 	EXP 	window1: units = 'pix'
0.5828 	INFO 	Mouse: using default window
0.7088 	INFO 	keyboard.Keyboard is using ptb backend.
1.6290 	DATA 	Keypress: return
2.6659 	DATA 	Keypress: return
3.7403 	DATA 	Keypress: c
260.5590 	DATA 	Keypress: escape
260.5592 	DATA 	Keypress: escape
260.6744 	EXP 	window1: units = 'deg'
260.6744 	EXP 	window1: units = 'pix'
262.0562 	DATA 	Keypress: escape
262.0729 	EXP 	window1: units = 'deg'
262.0729 	EXP 	window1: units = 'pix'
262.1263 	EXP 	unnamed Aperture: enabled = True
262.1634 	WARNING 	Stopping key buffers but this could be dangerous ifother keyboards rely on the same.
